{"C:\\Users\\Pichau\\experts-club\\internal_notes\\src\\data\\services\\load-posts-service.ts": {"path":"C:\\Users\\Pichau\\experts-club\\internal_notes\\src\\data\\services\\load-posts-service.ts","statementMap":{"0":{"start":{"line":5,"column":30},"end":{"line":5,"column":69}},"1":{"start":{"line":8,"column":22},"end":{"line":8,"column":78}},"2":{"start":{"line":9,"column":2},"end":{"line":12,"column":null}},"3":{"start":{"line":4,"column":0},"end":{"line":4,"column":13}}},"fnMap":{"0":{"name":"(anonymous_0)","decl":{"start":{"line":5,"column":1},"end":{"line":5,"column":30}},"loc":{"start":{"line":5,"column":69},"end":{"line":5,"column":72}}},"1":{"name":"(anonymous_1)","decl":{"start":{"line":7,"column":1},"end":{"line":7,"column":6}},"loc":{"start":{"line":7,"column":44},"end":{"line":13,"column":2}}}},"branchMap":{},"s":{"0":2,"1":2,"2":2,"3":1},"f":{"0":2,"1":2},"b":{}}
}
